# JRE version: 7.0_13-b20
# Java VM: Java HotSpot(TM) 64-Bit Server VM (23.7-b01 mixed mode windows-amd64 compressed oops)
Heap
 PSYoungGen      total 28224K, used 5949K [0x00000000e0760000, 0x00000000e26e0000, 0x0000000100000000)
  eden space 24192K, 7% used [0x00000000e0760000,0x00000000e0940c78,0x00000000e1f00000)
  from space 4032K, 99% used [0x00000000e22f0000,0x00000000e26deb18,0x00000000e26e0000)
  to   space 4032K, 0% used [0x00000000e1f00000,0x00000000e1f00000,0x00000000e22f0000)
 ParOldGen       total 64576K, used 1743K [0x00000000a1600000, 0x00000000a5510000, 0x00000000e0760000)
  object space 64576K, 2% used [0x00000000a1600000,0x00000000a17b3fc0,0x00000000a5510000)
 PSPermGen       total 21248K, used 11519K [0x000000009c400000, 0x000000009d8c0000, 0x00000000a1600000)
  object space 21248K, 54% used [0x000000009c400000,0x000000009cf3ffe0,0x000000009d8c0000)
GC Heap History (4 events):
Event: 1.789 GC heap before
{Heap before GC invocations=1 (full 0):
 PSYoungGen      total 28224K, used 24192K [0x00000000e0760000, 0x00000000e26e0000, 0x0000000100000000)
  eden space 24192K, 100% used [0x00000000e0760000,0x00000000e1f00000,0x00000000e1f00000)
  from space 4032K, 0% used [0x00000000e22f0000,0x00000000e22f0000,0x00000000e26e0000)
  to   space 4032K, 0% used [0x00000000e1f00000,0x00000000e1f00000,0x00000000e22f0000)
 ParOldGen       total 64576K, used 0K [0x00000000a1600000, 0x00000000a5510000, 0x00000000e0760000)
  object space 64576K, 0% used [0x00000000a1600000,0x00000000a1600000,0x00000000a5510000)
 PSPermGen       total 21248K, used 7843K [0x000000009c400000, 0x000000009d8c0000, 0x00000000a1600000)
  object space 21248K, 36% used [0x000000009c400000,0x000000009cba8df0,0x000000009d8c0000)
Event: 1.799 GC heap after
Heap after GC invocations=1 (full 0):
 PSYoungGen      total 28224K, used 4000K [0x00000000e0760000, 0x00000000e26e0000, 0x0000000100000000)
  eden space 24192K, 0% used [0x00000000e0760000,0x00000000e0760000,0x00000000e1f00000)
  from space 4032K, 99% used [0x00000000e1f00000,0x00000000e22e83c0,0x00000000e22f0000)
  to   space 4032K, 0% used [0x00000000e22f0000,0x00000000e22f0000,0x00000000e26e0000)
 ParOldGen       total 64576K, used 693K [0x00000000a1600000, 0x00000000a5510000, 0x00000000e0760000)
  object space 64576K, 1% used [0x00000000a1600000,0x00000000a16ad7f0,0x00000000a5510000)
 PSPermGen       total 21248K, used 7843K [0x000000009c400000, 0x000000009d8c0000, 0x00000000a1600000)
  object space 21248K, 36% used [0x000000009c400000,0x000000009cba8df0,0x000000009d8c0000)
}
Event: 2.517 GC heap before
{Heap before GC invocations=2 (full 0):
 PSYoungGen      total 28224K, used 28192K [0x00000000e0760000, 0x00000000e26e0000, 0x0000000100000000)
  eden space 24192K, 100% used [0x00000000e0760000,0x00000000e1f00000,0x00000000e1f00000)
  from space 4032K, 99% used [0x00000000e1f00000,0x00000000e22e83c0,0x00000000e22f0000)
  to   space 4032K, 0% used [0x00000000e22f0000,0x00000000e22f0000,0x00000000e26e0000)
 ParOldGen       total 64576K, used 693K [0x00000000a1600000, 0x00000000a5510000, 0x00000000e0760000)
  object space 64576K, 1% used [0x00000000a1600000,0x00000000a16ad7f0,0x00000000a5510000)
 PSPermGen       total 21248K, used 11433K [0x000000009c400000, 0x000000009d8c0000, 0x00000000a1600000)
  object space 21248K, 53% used [0x000000009c400000,0x000000009cf2a6f0,0x000000009d8c0000)
Event: 2.526 GC heap after
Heap after GC invocations=2 (full 0):
 PSYoungGen      total 28224K, used 4026K [0x00000000e0760000, 0x00000000e26e0000, 0x0000000100000000)
  eden space 24192K, 0% used [0x00000000e0760000,0x00000000e0760000,0x00000000e1f00000)
  from space 4032K, 99% used [0x00000000e22f0000,0x00000000e26deb18,0x00000000e26e0000)
  to   space 4032K, 0% used [0x00000000e1f00000,0x00000000e1f00000,0x00000000e22f0000)
 ParOldGen       total 64576K, used 1743K [0x00000000a1600000, 0x00000000a5510000, 0x00000000e0760000)
  object space 64576K, 2% used [0x00000000a1600000,0x00000000a17b3fc0,0x00000000a5510000)
 PSPermGen       total 21248K, used 11433K [0x000000009c400000, 0x000000009d8c0000, 0x00000000a1600000)
  object space 21248K, 53% used [0x000000009c400000,0x000000009cf2a6f0,0x000000009d8c0000)
}

